2025-03-18 21:22:19 [JavaFX Application Thread] INFO  com.javacompressor.Main - Application started successfully
2025-03-18 21:22:28 [JavaFX Application Thread] ERROR com.javacompressor.MainController - Error processing selected file
java.lang.RuntimeException: Button.disable : A bound value cannot be set.
	at javafx.beans.property.BooleanPropertyBase.set(BooleanPropertyBase.java:141)
	at javafx.scene.Node.setDisable(Node.java:1786)
	at com.javacompressor.MainController.handleSelectedFile(MainController.java:191)
	at com.javacompressor.MainController.selectFile(MainController.java:171)
	at com.javacompressor.MainController.lambda$setupButtonBindings$0(MainController.java:155)
	at com.sun.javafx.event.CompositeEventHandler.dispatchBubblingEvent(CompositeEventHandler.java:86)
	at com.sun.javafx.event.EventHandlerManager.dispatchBubblingEvent(EventHandlerManager.java:232)
	at com.sun.javafx.event.EventHandlerManager.dispatchBubblingEvent(EventHandlerManager.java:189)
	at com.sun.javafx.event.CompositeEventDispatcher.dispatchBubblingEvent(CompositeEventDispatcher.java:59)
	at com.sun.javafx.event.BasicEventDispatcher.dispatchEvent(BasicEventDispatcher.java:58)
	at com.sun.javafx.event.EventDispatchChainImpl.dispatchEvent(EventDispatchChainImpl.java:114)
	at com.sun.javafx.event.BasicEventDispatcher.dispatchEvent(BasicEventDispatcher.java:56)
	at com.sun.javafx.event.EventDispatchChainImpl.dispatchEvent(EventDispatchChainImpl.java:114)
	at com.sun.javafx.event.BasicEventDispatcher.dispatchEvent(BasicEventDispatcher.java:56)
	at com.sun.javafx.event.EventDispatchChainImpl.dispatchEvent(EventDispatchChainImpl.java:114)
	at com.sun.javafx.event.EventUtil.fireEventImpl(EventUtil.java:74)
	at com.sun.javafx.event.EventUtil.fireEvent(EventUtil.java:49)
	at javafx.event.Event.fireEvent(Event.java:198)
	at javafx.scene.Node.fireEvent(Node.java:8875)
	at javafx.scene.control.Button.fire(Button.java:203)
	at com.sun.javafx.scene.control.behavior.ButtonBehavior.mouseReleased(ButtonBehavior.java:207)
	at com.sun.javafx.scene.control.inputmap.InputMap.handle(InputMap.java:274)
	at com.sun.javafx.event.CompositeEventHandler$NormalEventHandlerRecord.handleBubblingEvent(CompositeEventHandler.java:247)
	at com.sun.javafx.event.CompositeEventHandler.dispatchBubblingEvent(CompositeEventHandler.java:80)
	at com.sun.javafx.event.EventHandlerManager.dispatchBubblingEvent(EventHandlerManager.java:232)
	at com.sun.javafx.event.EventHandlerManager.dispatchBubblingEvent(EventHandlerManager.java:189)
	at com.sun.javafx.event.CompositeEventDispatcher.dispatchBubblingEvent(CompositeEventDispatcher.java:59)
	at com.sun.javafx.event.BasicEventDispatcher.dispatchEvent(BasicEventDispatcher.java:58)
	at com.sun.javafx.event.EventDispatchChainImpl.dispatchEvent(EventDispatchChainImpl.java:114)
	at com.sun.javafx.event.BasicEventDispatcher.dispatchEvent(BasicEventDispatcher.java:56)
	at com.sun.javafx.event.EventDispatchChainImpl.dispatchEvent(EventDispatchChainImpl.java:114)
	at com.sun.javafx.event.BasicEventDispatcher.dispatchEvent(BasicEventDispatcher.java:56)
	at com.sun.javafx.event.EventDispatchChainImpl.dispatchEvent(EventDispatchChainImpl.java:114)
	at com.sun.javafx.event.EventUtil.fireEventImpl(EventUtil.java:74)
	at com.sun.javafx.event.EventUtil.fireEvent(EventUtil.java:54)
	at javafx.event.Event.fireEvent(Event.java:198)
	at javafx.scene.Scene$MouseHandler.process(Scene.java:3984)
	at javafx.scene.Scene.processMouseEvent(Scene.java:1890)
	at javafx.scene.Scene$ScenePeerListener.mouseEvent(Scene.java:2708)
	at com.sun.javafx.tk.quantum.GlassViewEventHandler$MouseEventNotification.run(GlassViewEventHandler.java:411)
	at com.sun.javafx.tk.quantum.GlassViewEventHandler$MouseEventNotification.run(GlassViewEventHandler.java:301)
	at java.base/java.security.AccessController.doPrivileged(AccessController.java:400)
	at com.sun.javafx.tk.quantum.GlassViewEventHandler.lambda$handleMouseEvent$2(GlassViewEventHandler.java:450)
	at com.sun.javafx.tk.quantum.QuantumToolkit.runWithoutRenderLock(QuantumToolkit.java:424)
	at com.sun.javafx.tk.quantum.GlassViewEventHandler.handleMouseEvent(GlassViewEventHandler.java:449)
	at com.sun.glass.ui.View.handleMouseEvent(View.java:551)
	at com.sun.glass.ui.View.notifyMouse(View.java:937)
	at com.sun.glass.ui.win.WinApplication._runLoop(Native Method)
	at com.sun.glass.ui.win.WinApplication.lambda$runLoop$3(WinApplication.java:185)
	at java.base/java.lang.Thread.run(Thread.java:1583)
2025-03-18 21:22:33 [JavaFX Application Thread] ERROR com.javacompressor.MainController - Error starting compression
java.lang.RuntimeException: Button.disable : A bound value cannot be set.
	at javafx.beans.property.BooleanPropertyBase.set(BooleanPropertyBase.java:141)
	at javafx.scene.Node.setDisable(Node.java:1786)
	at com.javacompressor.MainController.setControlsDisabled(MainController.java:399)
	at com.javacompressor.MainController.startCompressionTask(MainController.java:296)
	at com.javacompressor.MainController.compressFile(MainController.java:239)
	at com.javacompressor.MainController.lambda$setupButtonBindings$1(MainController.java:156)
	at com.sun.javafx.event.CompositeEventHandler.dispatchBubblingEvent(CompositeEventHandler.java:86)
	at com.sun.javafx.event.EventHandlerManager.dispatchBubblingEvent(EventHandlerManager.java:232)
	at com.sun.javafx.event.EventHandlerManager.dispatchBubblingEvent(EventHandlerManager.java:189)
	at com.sun.javafx.event.CompositeEventDispatcher.dispatchBubblingEvent(CompositeEventDispatcher.java:59)
	at com.sun.javafx.event.BasicEventDispatcher.dispatchEvent(BasicEventDispatcher.java:58)
	at com.sun.javafx.event.EventDispatchChainImpl.dispatchEvent(EventDispatchChainImpl.java:114)
	at com.sun.javafx.event.BasicEventDispatcher.dispatchEvent(BasicEventDispatcher.java:56)
	at com.sun.javafx.event.EventDispatchChainImpl.dispatchEvent(EventDispatchChainImpl.java:114)
	at com.sun.javafx.event.BasicEventDispatcher.dispatchEvent(BasicEventDispatcher.java:56)
	at com.sun.javafx.event.EventDispatchChainImpl.dispatchEvent(EventDispatchChainImpl.java:114)
	at com.sun.javafx.event.EventUtil.fireEventImpl(EventUtil.java:74)
	at com.sun.javafx.event.EventUtil.fireEvent(EventUtil.java:49)
	at javafx.event.Event.fireEvent(Event.java:198)
	at javafx.scene.Node.fireEvent(Node.java:8875)
	at javafx.scene.control.Button.fire(Button.java:203)
	at com.sun.javafx.scene.control.behavior.ButtonBehavior.mouseReleased(ButtonBehavior.java:207)
	at com.sun.javafx.scene.control.inputmap.InputMap.handle(InputMap.java:274)
	at com.sun.javafx.event.CompositeEventHandler$NormalEventHandlerRecord.handleBubblingEvent(CompositeEventHandler.java:247)
	at com.sun.javafx.event.CompositeEventHandler.dispatchBubblingEvent(CompositeEventHandler.java:80)
	at com.sun.javafx.event.EventHandlerManager.dispatchBubblingEvent(EventHandlerManager.java:232)
	at com.sun.javafx.event.EventHandlerManager.dispatchBubblingEvent(EventHandlerManager.java:189)
	at com.sun.javafx.event.CompositeEventDispatcher.dispatchBubblingEvent(CompositeEventDispatcher.java:59)
	at com.sun.javafx.event.BasicEventDispatcher.dispatchEvent(BasicEventDispatcher.java:58)
	at com.sun.javafx.event.EventDispatchChainImpl.dispatchEvent(EventDispatchChainImpl.java:114)
	at com.sun.javafx.event.BasicEventDispatcher.dispatchEvent(BasicEventDispatcher.java:56)
	at com.sun.javafx.event.EventDispatchChainImpl.dispatchEvent(EventDispatchChainImpl.java:114)
	at com.sun.javafx.event.BasicEventDispatcher.dispatchEvent(BasicEventDispatcher.java:56)
	at com.sun.javafx.event.EventDispatchChainImpl.dispatchEvent(EventDispatchChainImpl.java:114)
	at com.sun.javafx.event.EventUtil.fireEventImpl(EventUtil.java:74)
	at com.sun.javafx.event.EventUtil.fireEvent(EventUtil.java:54)
	at javafx.event.Event.fireEvent(Event.java:198)
	at javafx.scene.Scene$MouseHandler.process(Scene.java:3984)
	at javafx.scene.Scene.processMouseEvent(Scene.java:1890)
	at javafx.scene.Scene$ScenePeerListener.mouseEvent(Scene.java:2708)
	at com.sun.javafx.tk.quantum.GlassViewEventHandler$MouseEventNotification.run(GlassViewEventHandler.java:411)
	at com.sun.javafx.tk.quantum.GlassViewEventHandler$MouseEventNotification.run(GlassViewEventHandler.java:301)
	at java.base/java.security.AccessController.doPrivileged(AccessController.java:400)
	at com.sun.javafx.tk.quantum.GlassViewEventHandler.lambda$handleMouseEvent$2(GlassViewEventHandler.java:450)
	at com.sun.javafx.tk.quantum.QuantumToolkit.runWithoutRenderLock(QuantumToolkit.java:424)
	at com.sun.javafx.tk.quantum.GlassViewEventHandler.handleMouseEvent(GlassViewEventHandler.java:449)
	at com.sun.glass.ui.View.handleMouseEvent(View.java:551)
	at com.sun.glass.ui.View.notifyMouse(View.java:937)
	at com.sun.glass.ui.win.WinApplication._runLoop(Native Method)
	at com.sun.glass.ui.win.WinApplication.lambda$runLoop$3(WinApplication.java:185)
	at java.base/java.lang.Thread.run(Thread.java:1583)
2025-03-18 21:22:39 [JavaFX Application Thread] ERROR com.javacompressor.MainController - Error starting decompression
java.lang.RuntimeException: Button.disable : A bound value cannot be set.
	at javafx.beans.property.BooleanPropertyBase.set(BooleanPropertyBase.java:141)
	at javafx.scene.Node.setDisable(Node.java:1786)
	at com.javacompressor.MainController.setControlsDisabled(MainController.java:399)
	at com.javacompressor.MainController.startCompressionTask(MainController.java:296)
	at com.javacompressor.MainController.decompressFile(MainController.java:266)
	at com.javacompressor.MainController.lambda$setupButtonBindings$2(MainController.java:157)
	at com.sun.javafx.event.CompositeEventHandler.dispatchBubblingEvent(CompositeEventHandler.java:86)
	at com.sun.javafx.event.EventHandlerManager.dispatchBubblingEvent(EventHandlerManager.java:232)
	at com.sun.javafx.event.EventHandlerManager.dispatchBubblingEvent(EventHandlerManager.java:189)
	at com.sun.javafx.event.CompositeEventDispatcher.dispatchBubblingEvent(CompositeEventDispatcher.java:59)
	at com.sun.javafx.event.BasicEventDispatcher.dispatchEvent(BasicEventDispatcher.java:58)
	at com.sun.javafx.event.EventDispatchChainImpl.dispatchEvent(EventDispatchChainImpl.java:114)
	at com.sun.javafx.event.BasicEventDispatcher.dispatchEvent(BasicEventDispatcher.java:56)
	at com.sun.javafx.event.EventDispatchChainImpl.dispatchEvent(EventDispatchChainImpl.java:114)
	at com.sun.javafx.event.BasicEventDispatcher.dispatchEvent(BasicEventDispatcher.java:56)
	at com.sun.javafx.event.EventDispatchChainImpl.dispatchEvent(EventDispatchChainImpl.java:114)
	at com.sun.javafx.event.EventUtil.fireEventImpl(EventUtil.java:74)
	at com.sun.javafx.event.EventUtil.fireEvent(EventUtil.java:49)
	at javafx.event.Event.fireEvent(Event.java:198)
	at javafx.scene.Node.fireEvent(Node.java:8875)
	at javafx.scene.control.Button.fire(Button.java:203)
	at com.sun.javafx.scene.control.behavior.ButtonBehavior.mouseReleased(ButtonBehavior.java:207)
	at com.sun.javafx.scene.control.inputmap.InputMap.handle(InputMap.java:274)
	at com.sun.javafx.event.CompositeEventHandler$NormalEventHandlerRecord.handleBubblingEvent(CompositeEventHandler.java:247)
	at com.sun.javafx.event.CompositeEventHandler.dispatchBubblingEvent(CompositeEventHandler.java:80)
	at com.sun.javafx.event.EventHandlerManager.dispatchBubblingEvent(EventHandlerManager.java:232)
	at com.sun.javafx.event.EventHandlerManager.dispatchBubblingEvent(EventHandlerManager.java:189)
	at com.sun.javafx.event.CompositeEventDispatcher.dispatchBubblingEvent(CompositeEventDispatcher.java:59)
	at com.sun.javafx.event.BasicEventDispatcher.dispatchEvent(BasicEventDispatcher.java:58)
	at com.sun.javafx.event.EventDispatchChainImpl.dispatchEvent(EventDispatchChainImpl.java:114)
	at com.sun.javafx.event.BasicEventDispatcher.dispatchEvent(BasicEventDispatcher.java:56)
	at com.sun.javafx.event.EventDispatchChainImpl.dispatchEvent(EventDispatchChainImpl.java:114)
	at com.sun.javafx.event.BasicEventDispatcher.dispatchEvent(BasicEventDispatcher.java:56)
	at com.sun.javafx.event.EventDispatchChainImpl.dispatchEvent(EventDispatchChainImpl.java:114)
	at com.sun.javafx.event.EventUtil.fireEventImpl(EventUtil.java:74)
	at com.sun.javafx.event.EventUtil.fireEvent(EventUtil.java:54)
	at javafx.event.Event.fireEvent(Event.java:198)
	at javafx.scene.Scene$MouseHandler.process(Scene.java:3984)
	at javafx.scene.Scene.processMouseEvent(Scene.java:1890)
	at javafx.scene.Scene$ScenePeerListener.mouseEvent(Scene.java:2708)
	at com.sun.javafx.tk.quantum.GlassViewEventHandler$MouseEventNotification.run(GlassViewEventHandler.java:411)
	at com.sun.javafx.tk.quantum.GlassViewEventHandler$MouseEventNotification.run(GlassViewEventHandler.java:301)
	at java.base/java.security.AccessController.doPrivileged(AccessController.java:400)
	at com.sun.javafx.tk.quantum.GlassViewEventHandler.lambda$handleMouseEvent$2(GlassViewEventHandler.java:450)
	at com.sun.javafx.tk.quantum.QuantumToolkit.runWithoutRenderLock(QuantumToolkit.java:424)
	at com.sun.javafx.tk.quantum.GlassViewEventHandler.handleMouseEvent(GlassViewEventHandler.java:449)
	at com.sun.glass.ui.View.handleMouseEvent(View.java:551)
	at com.sun.glass.ui.View.notifyMouse(View.java:937)
	at com.sun.glass.ui.win.WinApplication._runLoop(Native Method)
	at com.sun.glass.ui.win.WinApplication.lambda$runLoop$3(WinApplication.java:185)
	at java.base/java.lang.Thread.run(Thread.java:1583)
2025-03-18 21:22:43 [JavaFX Application Thread] ERROR com.javacompressor.MainController - Error starting decompression
java.lang.RuntimeException: Button.disable : A bound value cannot be set.
	at javafx.beans.property.BooleanPropertyBase.set(BooleanPropertyBase.java:141)
	at javafx.scene.Node.setDisable(Node.java:1786)
	at com.javacompressor.MainController.setControlsDisabled(MainController.java:399)
	at com.javacompressor.MainController.startCompressionTask(MainController.java:296)
	at com.javacompressor.MainController.decompressFile(MainController.java:266)
	at com.javacompressor.MainController.lambda$setupButtonBindings$2(MainController.java:157)
	at com.sun.javafx.event.CompositeEventHandler.dispatchBubblingEvent(CompositeEventHandler.java:86)
	at com.sun.javafx.event.EventHandlerManager.dispatchBubblingEvent(EventHandlerManager.java:232)
	at com.sun.javafx.event.EventHandlerManager.dispatchBubblingEvent(EventHandlerManager.java:189)
	at com.sun.javafx.event.CompositeEventDispatcher.dispatchBubblingEvent(CompositeEventDispatcher.java:59)
	at com.sun.javafx.event.BasicEventDispatcher.dispatchEvent(BasicEventDispatcher.java:58)
	at com.sun.javafx.event.EventDispatchChainImpl.dispatchEvent(EventDispatchChainImpl.java:114)
	at com.sun.javafx.event.BasicEventDispatcher.dispatchEvent(BasicEventDispatcher.java:56)
	at com.sun.javafx.event.EventDispatchChainImpl.dispatchEvent(EventDispatchChainImpl.java:114)
	at com.sun.javafx.event.BasicEventDispatcher.dispatchEvent(BasicEventDispatcher.java:56)
	at com.sun.javafx.event.EventDispatchChainImpl.dispatchEvent(EventDispatchChainImpl.java:114)
	at com.sun.javafx.event.EventUtil.fireEventImpl(EventUtil.java:74)
	at com.sun.javafx.event.EventUtil.fireEvent(EventUtil.java:49)
	at javafx.event.Event.fireEvent(Event.java:198)
	at javafx.scene.Node.fireEvent(Node.java:8875)
	at javafx.scene.control.Button.fire(Button.java:203)
	at com.sun.javafx.scene.control.behavior.ButtonBehavior.mouseReleased(ButtonBehavior.java:207)
	at com.sun.javafx.scene.control.inputmap.InputMap.handle(InputMap.java:274)
	at com.sun.javafx.event.CompositeEventHandler$NormalEventHandlerRecord.handleBubblingEvent(CompositeEventHandler.java:247)
	at com.sun.javafx.event.CompositeEventHandler.dispatchBubblingEvent(CompositeEventHandler.java:80)
	at com.sun.javafx.event.EventHandlerManager.dispatchBubblingEvent(EventHandlerManager.java:232)
	at com.sun.javafx.event.EventHandlerManager.dispatchBubblingEvent(EventHandlerManager.java:189)
	at com.sun.javafx.event.CompositeEventDispatcher.dispatchBubblingEvent(CompositeEventDispatcher.java:59)
	at com.sun.javafx.event.BasicEventDispatcher.dispatchEvent(BasicEventDispatcher.java:58)
	at com.sun.javafx.event.EventDispatchChainImpl.dispatchEvent(EventDispatchChainImpl.java:114)
	at com.sun.javafx.event.BasicEventDispatcher.dispatchEvent(BasicEventDispatcher.java:56)
	at com.sun.javafx.event.EventDispatchChainImpl.dispatchEvent(EventDispatchChainImpl.java:114)
	at com.sun.javafx.event.BasicEventDispatcher.dispatchEvent(BasicEventDispatcher.java:56)
	at com.sun.javafx.event.EventDispatchChainImpl.dispatchEvent(EventDispatchChainImpl.java:114)
	at com.sun.javafx.event.EventUtil.fireEventImpl(EventUtil.java:74)
	at com.sun.javafx.event.EventUtil.fireEvent(EventUtil.java:54)
	at javafx.event.Event.fireEvent(Event.java:198)
	at javafx.scene.Scene$MouseHandler.process(Scene.java:3984)
	at javafx.scene.Scene.processMouseEvent(Scene.java:1890)
	at javafx.scene.Scene$ScenePeerListener.mouseEvent(Scene.java:2708)
	at com.sun.javafx.tk.quantum.GlassViewEventHandler$MouseEventNotification.run(GlassViewEventHandler.java:411)
	at com.sun.javafx.tk.quantum.GlassViewEventHandler$MouseEventNotification.run(GlassViewEventHandler.java:301)
	at java.base/java.security.AccessController.doPrivileged(AccessController.java:400)
	at com.sun.javafx.tk.quantum.GlassViewEventHandler.lambda$handleMouseEvent$2(GlassViewEventHandler.java:450)
	at com.sun.javafx.tk.quantum.QuantumToolkit.runWithoutRenderLock(QuantumToolkit.java:424)
	at com.sun.javafx.tk.quantum.GlassViewEventHandler.handleMouseEvent(GlassViewEventHandler.java:449)
	at com.sun.glass.ui.View.handleMouseEvent(View.java:551)
	at com.sun.glass.ui.View.notifyMouse(View.java:937)
	at com.sun.glass.ui.win.WinApplication._runLoop(Native Method)
	at com.sun.glass.ui.win.WinApplication.lambda$runLoop$3(WinApplication.java:185)
	at java.base/java.lang.Thread.run(Thread.java:1583)
2025-03-18 21:23:09 [JavaFX Application Thread] INFO  com.javacompressor.Main - Application started successfully
2025-03-18 21:23:14 [JavaFX Application Thread] ERROR com.javacompressor.MainController - Error processing selected file
java.lang.RuntimeException: Button.disable : A bound value cannot be set.
	at javafx.beans.property.BooleanPropertyBase.set(BooleanPropertyBase.java:141)
	at javafx.scene.Node.setDisable(Node.java:1786)
	at com.javacompressor.MainController.handleSelectedFile(MainController.java:191)
	at com.javacompressor.MainController.selectFile(MainController.java:171)
	at com.javacompressor.MainController.lambda$setupButtonBindings$0(MainController.java:155)
	at com.sun.javafx.event.CompositeEventHandler.dispatchBubblingEvent(CompositeEventHandler.java:86)
	at com.sun.javafx.event.EventHandlerManager.dispatchBubblingEvent(EventHandlerManager.java:232)
	at com.sun.javafx.event.EventHandlerManager.dispatchBubblingEvent(EventHandlerManager.java:189)
	at com.sun.javafx.event.CompositeEventDispatcher.dispatchBubblingEvent(CompositeEventDispatcher.java:59)
	at com.sun.javafx.event.BasicEventDispatcher.dispatchEvent(BasicEventDispatcher.java:58)
	at com.sun.javafx.event.EventDispatchChainImpl.dispatchEvent(EventDispatchChainImpl.java:114)
	at com.sun.javafx.event.BasicEventDispatcher.dispatchEvent(BasicEventDispatcher.java:56)
	at com.sun.javafx.event.EventDispatchChainImpl.dispatchEvent(EventDispatchChainImpl.java:114)
	at com.sun.javafx.event.BasicEventDispatcher.dispatchEvent(BasicEventDispatcher.java:56)
	at com.sun.javafx.event.EventDispatchChainImpl.dispatchEvent(EventDispatchChainImpl.java:114)
	at com.sun.javafx.event.EventUtil.fireEventImpl(EventUtil.java:74)
	at com.sun.javafx.event.EventUtil.fireEvent(EventUtil.java:49)
	at javafx.event.Event.fireEvent(Event.java:198)
	at javafx.scene.Node.fireEvent(Node.java:8875)
	at javafx.scene.control.Button.fire(Button.java:203)
	at com.sun.javafx.scene.control.behavior.ButtonBehavior.mouseReleased(ButtonBehavior.java:207)
	at com.sun.javafx.scene.control.inputmap.InputMap.handle(InputMap.java:274)
	at com.sun.javafx.event.CompositeEventHandler$NormalEventHandlerRecord.handleBubblingEvent(CompositeEventHandler.java:247)
	at com.sun.javafx.event.CompositeEventHandler.dispatchBubblingEvent(CompositeEventHandler.java:80)
	at com.sun.javafx.event.EventHandlerManager.dispatchBubblingEvent(EventHandlerManager.java:232)
	at com.sun.javafx.event.EventHandlerManager.dispatchBubblingEvent(EventHandlerManager.java:189)
	at com.sun.javafx.event.CompositeEventDispatcher.dispatchBubblingEvent(CompositeEventDispatcher.java:59)
	at com.sun.javafx.event.BasicEventDispatcher.dispatchEvent(BasicEventDispatcher.java:58)
	at com.sun.javafx.event.EventDispatchChainImpl.dispatchEvent(EventDispatchChainImpl.java:114)
	at com.sun.javafx.event.BasicEventDispatcher.dispatchEvent(BasicEventDispatcher.java:56)
	at com.sun.javafx.event.EventDispatchChainImpl.dispatchEvent(EventDispatchChainImpl.java:114)
	at com.sun.javafx.event.BasicEventDispatcher.dispatchEvent(BasicEventDispatcher.java:56)
	at com.sun.javafx.event.EventDispatchChainImpl.dispatchEvent(EventDispatchChainImpl.java:114)
	at com.sun.javafx.event.EventUtil.fireEventImpl(EventUtil.java:74)
	at com.sun.javafx.event.EventUtil.fireEvent(EventUtil.java:54)
	at javafx.event.Event.fireEvent(Event.java:198)
	at javafx.scene.Scene$MouseHandler.process(Scene.java:3984)
	at javafx.scene.Scene.processMouseEvent(Scene.java:1890)
	at javafx.scene.Scene$ScenePeerListener.mouseEvent(Scene.java:2708)
	at com.sun.javafx.tk.quantum.GlassViewEventHandler$MouseEventNotification.run(GlassViewEventHandler.java:411)
	at com.sun.javafx.tk.quantum.GlassViewEventHandler$MouseEventNotification.run(GlassViewEventHandler.java:301)
	at java.base/java.security.AccessController.doPrivileged(AccessController.java:400)
	at com.sun.javafx.tk.quantum.GlassViewEventHandler.lambda$handleMouseEvent$2(GlassViewEventHandler.java:450)
	at com.sun.javafx.tk.quantum.QuantumToolkit.runWithoutRenderLock(QuantumToolkit.java:424)
	at com.sun.javafx.tk.quantum.GlassViewEventHandler.handleMouseEvent(GlassViewEventHandler.java:449)
	at com.sun.glass.ui.View.handleMouseEvent(View.java:551)
	at com.sun.glass.ui.View.notifyMouse(View.java:937)
	at com.sun.glass.ui.win.WinApplication._runLoop(Native Method)
	at com.sun.glass.ui.win.WinApplication.lambda$runLoop$3(WinApplication.java:185)
	at java.base/java.lang.Thread.run(Thread.java:1583)
2025-03-18 21:23:22 [JavaFX Application Thread] ERROR com.javacompressor.MainController - Error starting compression
java.lang.RuntimeException: Button.disable : A bound value cannot be set.
	at javafx.beans.property.BooleanPropertyBase.set(BooleanPropertyBase.java:141)
	at javafx.scene.Node.setDisable(Node.java:1786)
	at com.javacompressor.MainController.setControlsDisabled(MainController.java:399)
	at com.javacompressor.MainController.startCompressionTask(MainController.java:296)
	at com.javacompressor.MainController.compressFile(MainController.java:239)
	at com.javacompressor.MainController.lambda$setupButtonBindings$1(MainController.java:156)
	at com.sun.javafx.event.CompositeEventHandler.dispatchBubblingEvent(CompositeEventHandler.java:86)
	at com.sun.javafx.event.EventHandlerManager.dispatchBubblingEvent(EventHandlerManager.java:232)
	at com.sun.javafx.event.EventHandlerManager.dispatchBubblingEvent(EventHandlerManager.java:189)
	at com.sun.javafx.event.CompositeEventDispatcher.dispatchBubblingEvent(CompositeEventDispatcher.java:59)
	at com.sun.javafx.event.BasicEventDispatcher.dispatchEvent(BasicEventDispatcher.java:58)
	at com.sun.javafx.event.EventDispatchChainImpl.dispatchEvent(EventDispatchChainImpl.java:114)
	at com.sun.javafx.event.BasicEventDispatcher.dispatchEvent(BasicEventDispatcher.java:56)
	at com.sun.javafx.event.EventDispatchChainImpl.dispatchEvent(EventDispatchChainImpl.java:114)
	at com.sun.javafx.event.BasicEventDispatcher.dispatchEvent(BasicEventDispatcher.java:56)
	at com.sun.javafx.event.EventDispatchChainImpl.dispatchEvent(EventDispatchChainImpl.java:114)
	at com.sun.javafx.event.EventUtil.fireEventImpl(EventUtil.java:74)
	at com.sun.javafx.event.EventUtil.fireEvent(EventUtil.java:49)
	at javafx.event.Event.fireEvent(Event.java:198)
	at javafx.scene.Node.fireEvent(Node.java:8875)
	at javafx.scene.control.Button.fire(Button.java:203)
	at com.sun.javafx.scene.control.behavior.ButtonBehavior.mouseReleased(ButtonBehavior.java:207)
	at com.sun.javafx.scene.control.inputmap.InputMap.handle(InputMap.java:274)
	at com.sun.javafx.event.CompositeEventHandler$NormalEventHandlerRecord.handleBubblingEvent(CompositeEventHandler.java:247)
	at com.sun.javafx.event.CompositeEventHandler.dispatchBubblingEvent(CompositeEventHandler.java:80)
	at com.sun.javafx.event.EventHandlerManager.dispatchBubblingEvent(EventHandlerManager.java:232)
	at com.sun.javafx.event.EventHandlerManager.dispatchBubblingEvent(EventHandlerManager.java:189)
	at com.sun.javafx.event.CompositeEventDispatcher.dispatchBubblingEvent(CompositeEventDispatcher.java:59)
	at com.sun.javafx.event.BasicEventDispatcher.dispatchEvent(BasicEventDispatcher.java:58)
	at com.sun.javafx.event.EventDispatchChainImpl.dispatchEvent(EventDispatchChainImpl.java:114)
	at com.sun.javafx.event.BasicEventDispatcher.dispatchEvent(BasicEventDispatcher.java:56)
	at com.sun.javafx.event.EventDispatchChainImpl.dispatchEvent(EventDispatchChainImpl.java:114)
	at com.sun.javafx.event.BasicEventDispatcher.dispatchEvent(BasicEventDispatcher.java:56)
	at com.sun.javafx.event.EventDispatchChainImpl.dispatchEvent(EventDispatchChainImpl.java:114)
	at com.sun.javafx.event.EventUtil.fireEventImpl(EventUtil.java:74)
	at com.sun.javafx.event.EventUtil.fireEvent(EventUtil.java:54)
	at javafx.event.Event.fireEvent(Event.java:198)
	at javafx.scene.Scene$MouseHandler.process(Scene.java:3984)
	at javafx.scene.Scene.processMouseEvent(Scene.java:1890)
	at javafx.scene.Scene$ScenePeerListener.mouseEvent(Scene.java:2708)
	at com.sun.javafx.tk.quantum.GlassViewEventHandler$MouseEventNotification.run(GlassViewEventHandler.java:411)
	at com.sun.javafx.tk.quantum.GlassViewEventHandler$MouseEventNotification.run(GlassViewEventHandler.java:301)
	at java.base/java.security.AccessController.doPrivileged(AccessController.java:400)
	at com.sun.javafx.tk.quantum.GlassViewEventHandler.lambda$handleMouseEvent$2(GlassViewEventHandler.java:450)
	at com.sun.javafx.tk.quantum.QuantumToolkit.runWithoutRenderLock(QuantumToolkit.java:424)
	at com.sun.javafx.tk.quantum.GlassViewEventHandler.handleMouseEvent(GlassViewEventHandler.java:449)
	at com.sun.glass.ui.View.handleMouseEvent(View.java:551)
	at com.sun.glass.ui.View.notifyMouse(View.java:937)
	at com.sun.glass.ui.win.WinApplication._runLoop(Native Method)
	at com.sun.glass.ui.win.WinApplication.lambda$runLoop$3(WinApplication.java:185)
	at java.base/java.lang.Thread.run(Thread.java:1583)
2025-03-18 21:26:22 [JavaFX Application Thread] INFO  com.javacompressor.Main - Application started successfully
2025-03-18 21:26:29 [JavaFX Application Thread] INFO  com.javacompressor.MainController - Selected file: D:\AFU\front1.JPG
2025-03-18 21:26:30 [pool-2-thread-1] INFO  c.j.compression.CompressionTask - Starting Compression task
2025-03-18 21:26:30 [pool-2-thread-1] INFO  c.j.compression.CompressionService - Compressing file: D:\AFU\front1.JPG to D:\AFU\front1.JPG.zip using ZIP
2025-03-18 21:26:30 [pool-2-thread-1] INFO  c.j.compression.CompressionService - Compression complete. Compression ratio: 0.6947390179583707
2025-03-18 21:26:30 [pool-2-thread-1] INFO  c.j.compression.CompressionTask - Compression task completed successfully
2025-03-18 21:26:46 [JavaFX Application Thread] INFO  com.javacompressor.MainController - Selected file: D:\original-2d6b2d020e55f6c3f0fa152ea8108f98.webp
2025-03-18 21:26:54 [JavaFX Application Thread] INFO  com.javacompressor.MainController - Selected file: D:\original-2d6b2d020e55f6c3f0fa152ea8108f98.webp
2025-03-18 21:26:55 [pool-2-thread-1] INFO  c.j.compression.CompressionTask - Starting Compression task
2025-03-18 21:26:55 [pool-2-thread-1] INFO  c.j.compression.CompressionService - Compressing file: D:\original-2d6b2d020e55f6c3f0fa152ea8108f98.webp to D:\original-2d6b2d020e55f6c3f0fa152ea8108f98.webp.zip using ZIP
2025-03-18 21:26:55 [pool-2-thread-1] INFO  c.j.compression.CompressionService - Compression complete. Compression ratio: 0.9953652431161344
2025-03-18 21:26:55 [pool-2-thread-1] INFO  c.j.compression.CompressionTask - Compression task completed successfully
2025-03-18 21:26:56 [pool-2-thread-1] INFO  c.j.compression.CompressionTask - Starting Compression task
2025-03-18 21:26:56 [pool-2-thread-1] INFO  c.j.compression.CompressionService - Compressing file: D:\original-2d6b2d020e55f6c3f0fa152ea8108f98.webp to D:\original-2d6b2d020e55f6c3f0fa152ea8108f98.webp.zip using ZIP
2025-03-18 21:26:56 [pool-2-thread-1] INFO  c.j.compression.CompressionService - Compression complete. Compression ratio: 0.9953652431161344
2025-03-18 21:26:56 [pool-2-thread-1] INFO  c.j.compression.CompressionTask - Compression task completed successfully
2025-03-18 21:26:56 [pool-2-thread-1] INFO  c.j.compression.CompressionTask - Starting Compression task
2025-03-18 21:26:56 [pool-2-thread-1] INFO  c.j.compression.CompressionService - Compressing file: D:\original-2d6b2d020e55f6c3f0fa152ea8108f98.webp to D:\original-2d6b2d020e55f6c3f0fa152ea8108f98.webp.zip using ZIP
2025-03-18 21:26:56 [pool-2-thread-1] INFO  c.j.compression.CompressionService - Compression complete. Compression ratio: 0.9953652431161344
2025-03-18 21:26:56 [pool-2-thread-1] INFO  c.j.compression.CompressionTask - Compression task completed successfully
2025-03-18 21:26:57 [pool-2-thread-1] INFO  c.j.compression.CompressionTask - Starting Compression task
2025-03-18 21:26:57 [pool-2-thread-1] INFO  c.j.compression.CompressionService - Compressing file: D:\original-2d6b2d020e55f6c3f0fa152ea8108f98.webp to D:\original-2d6b2d020e55f6c3f0fa152ea8108f98.webp.zip using ZIP
2025-03-18 21:26:57 [pool-2-thread-1] INFO  c.j.compression.CompressionService - Compression complete. Compression ratio: 0.9953652431161344
2025-03-18 21:26:57 [pool-2-thread-1] INFO  c.j.compression.CompressionTask - Compression task completed successfully
2025-03-18 21:26:57 [pool-2-thread-1] INFO  c.j.compression.CompressionTask - Starting Compression task
2025-03-18 21:26:57 [pool-2-thread-1] INFO  c.j.compression.CompressionService - Compressing file: D:\original-2d6b2d020e55f6c3f0fa152ea8108f98.webp to D:\original-2d6b2d020e55f6c3f0fa152ea8108f98.webp.zip using ZIP
2025-03-18 21:26:57 [pool-2-thread-1] INFO  c.j.compression.CompressionService - Compression complete. Compression ratio: 0.9953652431161344
2025-03-18 21:26:57 [pool-2-thread-1] INFO  c.j.compression.CompressionTask - Compression task completed successfully
2025-03-18 21:27:20 [JavaFX Application Thread] INFO  com.javacompressor.MainController - Selected file: D:\Movies & TV\Deadpool.and.Wolverine.2024.1080p.MA.WEB-DL.DDP5.1.Atmos.H.264-BYNDR.mkv
2025-03-18 21:27:22 [pool-2-thread-1] INFO  c.j.compression.CompressionTask - Starting Compression task
2025-03-18 21:27:22 [pool-2-thread-1] INFO  c.j.compression.CompressionService - Compressing file: D:\Movies & TV\Deadpool.and.Wolverine.2024.1080p.MA.WEB-DL.DDP5.1.Atmos.H.264-BYNDR.mkv to D:\Movies & TV\Deadpool.and.Wolverine.2024.1080p.MA.WEB-DL.DDP5.1.Atmos.H.264-BYNDR.mkv.zip using ZIP
2025-03-18 21:27:38 [JavaFX Application Thread] INFO  com.javacompressor.MainController - Task cancelled
2025-03-18 21:27:38 [JavaFX Application Thread] INFO  com.javacompressor.MainController - Task cancellation requested
2025-03-18 21:27:38 [pool-2-thread-1] ERROR c.j.compression.CompressionTask - Compression task failed
java.nio.channels.ClosedByInterruptException: null
	at java.base/java.nio.channels.spi.AbstractInterruptibleChannel.end(AbstractInterruptibleChannel.java:200)
	at java.base/sun.nio.ch.FileChannelImpl.endBlocking(FileChannelImpl.java:172)
	at java.base/sun.nio.ch.FileChannelImpl.write(FileChannelImpl.java:309)
	at org.apache.commons.compress.archivers.zip.StreamCompressor$SeekableByteChannelCompressor.writeOut(StreamCompressor.java:98)
	at org.apache.commons.compress.archivers.zip.StreamCompressor.writeCounted(StreamCompressor.java:311)
	at org.apache.commons.compress.archivers.zip.StreamCompressor.deflate(StreamCompressor.java:202)
	at org.apache.commons.compress.archivers.zip.StreamCompressor.deflateUntilInputIsNeeded(StreamCompressor.java:229)
	at org.apache.commons.compress.archivers.zip.StreamCompressor.writeDeflated(StreamCompressor.java:321)
	at org.apache.commons.compress.archivers.zip.StreamCompressor.write(StreamCompressor.java:298)
	at org.apache.commons.compress.archivers.zip.ZipArchiveOutputStream.write(ZipArchiveOutputStream.java:1729)
	at com.javacompressor.compression.CompressionService.compressSingleFileToZip(CompressionService.java:179)
	at com.javacompressor.compression.CompressionService.compressWithZip(CompressionService.java:142)
	at com.javacompressor.compression.CompressionService.compressFile(CompressionService.java:63)
	at com.javacompressor.compression.CompressionTask.call(CompressionTask.java:63)
	at com.javacompressor.compression.CompressionTask.call(CompressionTask.java:12)
	at javafx.concurrent.Task$TaskCallable.call(Task.java:1399)
	at java.base/java.util.concurrent.FutureTask.run(FutureTask.java:317)
	at java.base/java.util.concurrent.Executors$RunnableAdapter.call(Executors.java:572)
	at java.base/java.util.concurrent.FutureTask.run(FutureTask.java:317)
	at java.base/java.util.concurrent.ThreadPoolExecutor.runWorker(ThreadPoolExecutor.java:1144)
	at java.base/java.util.concurrent.ThreadPoolExecutor$Worker.run(ThreadPoolExecutor.java:642)
	at java.base/java.lang.Thread.run(Thread.java:1583)
	Suppressed: java.io.IOException: This archive contains unclosed entries.
		at org.apache.commons.compress.archivers.zip.ZipArchiveOutputStream.finish(ZipArchiveOutputStream.java:1018)
		at org.apache.commons.compress.archivers.zip.ZipArchiveOutputStream.close(ZipArchiveOutputStream.java:632)
		at com.javacompressor.compression.CompressionService.compressWithZip(CompressionService.java:137)
		... 10 common frames omitted
2025-03-18 21:27:39 [pool-2-thread-1] INFO  c.j.compression.CompressionTask - Starting Compression task
2025-03-18 21:27:39 [pool-2-thread-1] INFO  c.j.compression.CompressionService - Compressing file: D:\Movies & TV\Deadpool.and.Wolverine.2024.1080p.MA.WEB-DL.DDP5.1.Atmos.H.264-BYNDR.mkv to D:\Movies & TV\Deadpool.and.Wolverine.2024.1080p.MA.WEB-DL.DDP5.1.Atmos.H.264-BYNDR.mkv.zip using ZIP
2025-03-18 21:27:40 [JavaFX Application Thread] INFO  com.javacompressor.MainController - Task cancelled
2025-03-18 21:27:40 [JavaFX Application Thread] INFO  com.javacompressor.MainController - Task cancellation requested
2025-03-18 21:27:40 [pool-2-thread-1] ERROR c.j.compression.CompressionTask - Compression task failed
java.nio.channels.ClosedByInterruptException: null
	at java.base/java.nio.channels.spi.AbstractInterruptibleChannel.end(AbstractInterruptibleChannel.java:200)
	at java.base/sun.nio.ch.FileChannelImpl.endBlocking(FileChannelImpl.java:172)
	at java.base/sun.nio.ch.FileChannelImpl.write(FileChannelImpl.java:309)
	at org.apache.commons.compress.archivers.zip.StreamCompressor$SeekableByteChannelCompressor.writeOut(StreamCompressor.java:98)
	at org.apache.commons.compress.archivers.zip.StreamCompressor.writeCounted(StreamCompressor.java:311)
	at org.apache.commons.compress.archivers.zip.StreamCompressor.deflate(StreamCompressor.java:202)
	at org.apache.commons.compress.archivers.zip.StreamCompressor.deflateUntilInputIsNeeded(StreamCompressor.java:229)
	at org.apache.commons.compress.archivers.zip.StreamCompressor.writeDeflated(StreamCompressor.java:321)
	at org.apache.commons.compress.archivers.zip.StreamCompressor.write(StreamCompressor.java:298)
	at org.apache.commons.compress.archivers.zip.ZipArchiveOutputStream.write(ZipArchiveOutputStream.java:1729)
	at com.javacompressor.compression.CompressionService.compressSingleFileToZip(CompressionService.java:179)
	at com.javacompressor.compression.CompressionService.compressWithZip(CompressionService.java:142)
	at com.javacompressor.compression.CompressionService.compressFile(CompressionService.java:63)
	at com.javacompressor.compression.CompressionTask.call(CompressionTask.java:63)
	at com.javacompressor.compression.CompressionTask.call(CompressionTask.java:12)
	at javafx.concurrent.Task$TaskCallable.call(Task.java:1399)
	at java.base/java.util.concurrent.FutureTask.run(FutureTask.java:317)
	at java.base/java.util.concurrent.Executors$RunnableAdapter.call(Executors.java:572)
	at java.base/java.util.concurrent.FutureTask.run(FutureTask.java:317)
	at java.base/java.util.concurrent.ThreadPoolExecutor.runWorker(ThreadPoolExecutor.java:1144)
	at java.base/java.util.concurrent.ThreadPoolExecutor$Worker.run(ThreadPoolExecutor.java:642)
	at java.base/java.lang.Thread.run(Thread.java:1583)
	Suppressed: java.io.IOException: This archive contains unclosed entries.
		at org.apache.commons.compress.archivers.zip.ZipArchiveOutputStream.finish(ZipArchiveOutputStream.java:1018)
		at org.apache.commons.compress.archivers.zip.ZipArchiveOutputStream.close(ZipArchiveOutputStream.java:632)
		at com.javacompressor.compression.CompressionService.compressWithZip(CompressionService.java:137)
		... 10 common frames omitted
2025-03-18 21:27:47 [JavaFX Application Thread] INFO  com.javacompressor.MainController - Selected file: D:\Movies & TV\The Chronicles of Narnia - Voyage of the Dawn Tredder (2010) [1080p]\The.Chronicles.of.Narnia.The.Voyage.of.the.Dawn.Tredder.2010.1080p.Brrip.x264.Deceit.YIFY.mp4
2025-03-18 21:27:48 [pool-2-thread-1] INFO  c.j.compression.CompressionTask - Starting Compression task
2025-03-18 21:27:48 [pool-2-thread-1] INFO  c.j.compression.CompressionService - Compressing file: D:\Movies & TV\The Chronicles of Narnia - Voyage of the Dawn Tredder (2010) [1080p]\The.Chronicles.of.Narnia.The.Voyage.of.the.Dawn.Tredder.2010.1080p.Brrip.x264.Deceit.YIFY.mp4 to D:\Movies & TV\The Chronicles of Narnia - Voyage of the Dawn Tredder (2010) [1080p]\The.Chronicles.of.Narnia.The.Voyage.of.the.Dawn.Tredder.2010.1080p.Brrip.x264.Deceit.YIFY.mp4.zip using ZIP
2025-03-18 21:28:47 [pool-2-thread-1] INFO  c.j.compression.CompressionService - Compression complete. Compression ratio: 0.9987890706219033
2025-03-18 21:28:47 [pool-2-thread-1] INFO  c.j.compression.CompressionTask - Compression task completed successfully
